{"meta": {"format": 3, "version": "7.13.1", "timestamp": "2026-01-08T16:57:46.643687", "branch_coverage": true, "show_contexts": false}, "files": {"src\\financial_etl\\__init__.py": {"executed_lines": [6, 7, 9, 10, 12], "summary": {"covered_lines": 5, "num_statements": 5, "percent_covered": 100.0, "percent_covered_display": "100.00", "missing_lines": 0, "excluded_lines": 0, "percent_statements_covered": 100.0, "percent_statements_covered_display": "100.00", "num_branches": 0, "num_partial_branches": 0, "covered_branches": 0, "missing_branches": 0, "percent_branches_covered": 100.0, "percent_branches_covered_display": "100.00"}, "missing_lines": [], "excluded_lines": [], "executed_branches": [], "missing_branches": [], "functions": {"": {"executed_lines": [6, 7, 9, 10, 12], "summary": {"covered_lines": 5, "num_statements": 5, "percent_covered": 100.0, "percent_covered_display": "100.00", "missing_lines": 0, "excluded_lines": 0, "percent_statements_covered": 100.0, "percent_statements_covered_display": "100.00", "num_branches": 0, "num_partial_branches": 0, "covered_branches": 0, "missing_branches": 0, "percent_branches_covered": 100.0, "percent_branches_covered_display": "100.00"}, "missing_lines": [], "excluded_lines": [], "start_line": 1, "executed_branches": [], "missing_branches": []}}, "classes": {"": {"executed_lines": [6, 7, 9, 10, 12], "summary": {"covered_lines": 5, "num_statements": 5, "percent_covered": 100.0, "percent_covered_display": "100.00", "missing_lines": 0, "excluded_lines": 0, "percent_statements_covered": 100.0, "percent_statements_covered_display": "100.00", "num_branches": 0, "num_partial_branches": 0, "covered_branches": 0, "missing_branches": 0, "percent_branches_covered": 100.0, "percent_branches_covered_display": "100.00"}, "missing_lines": [], "excluded_lines": [], "start_line": 1, "executed_branches": [], "missing_branches": []}}}, "src\\financial_etl\\api\\main.py": {"executed_lines": [19, 20, 21, 22, 23, 24, 26, 27, 28, 31, 35, 38, 52, 65, 70, 75, 82, 83, 90, 99, 100, 107, 114, 115, 116, 117, 118, 119, 120, 121, 122, 123, 126, 130, 132, 135, 136, 158, 159, 160, 163, 164, 165, 166, 167, 170, 179, 180, 191, 199, 200, 202, 203, 204, 206, 212, 220, 221, 226, 250, 251], "summary": {"covered_lines": 61, "num_statements": 66, "percent_covered": 92.6470588235294, "percent_covered_display": "92.65", "missing_lines": 5, "excluded_lines": 3, "percent_statements_covered": 92.42424242424242, "percent_statements_covered_display": "92.42", "num_branches": 2, "num_partial_branches": 0, "covered_branches": 2, "missing_branches": 0, "percent_branches_covered": 100.0, "percent_branches_covered_display": "100.00"}, "missing_lines": [242, 243, 244, 255, 256], "excluded_lines": [265, 266, 267], "executed_branches": [[165, 166], [165, 170]], "missing_branches": [], "functions": {"root": {"executed_lines": [90], "summary": {"covered_lines": 1, "num_statements": 1, "percent_covered": 100.0, "percent_covered_display": "100.00", "missing_lines": 0, "excluded_lines": 0, "percent_statements_covered": 100.0, "percent_statements_covered_display": "100.00", "num_branches": 0, "num_partial_branches": 0, "covered_branches": 0, "missing_branches": 0, "percent_branches_covered": 100.0, "percent_branches_covered_display": "100.00"}, "missing_lines": [], "excluded_lines": [], "start_line": 83, "executed_branches": [], "missing_branches": []}, "health_check": {"executed_lines": [107, 114, 115, 116, 117, 118, 119, 120, 121, 122, 123, 126, 130, 132], "summary": {"covered_lines": 14, "num_statements": 14, "percent_covered": 100.0, "percent_covered_display": "100.00", "missing_lines": 0, "excluded_lines": 0, "percent_statements_covered": 100.0, "percent_statements_covered_display": "100.00", "num_branches": 0, "num_partial_branches": 0, "covered_branches": 0, "missing_branches": 0, "percent_branches_covered": 100.0, "percent_branches_covered_display": "100.00"}, "missing_lines": [], "excluded_lines": [], "start_line": 100, "executed_branches": [], "missing_branches": []}, "obter_metricas_resumo": {"executed_lines": [158, 159, 160, 163, 164, 165, 166, 167, 170, 179, 180, 191, 199, 200, 202, 203, 204, 206, 212, 220, 221, 226], "summary": {"covered_lines": 22, "num_statements": 25, "percent_covered": 88.88888888888889, "percent_covered_display": "88.89", "missing_lines": 3, "excluded_lines": 0, "percent_statements_covered": 88.0, "percent_statements_covered_display": "88.00", "num_branches": 2, "num_partial_branches": 0, "covered_branches": 2, "missing_branches": 0, "percent_branches_covered": 100.0, "percent_branches_covered_display": "100.00"}, "missing_lines": [242, 243, 244], "excluded_lines": [], "start_line": 136, "executed_branches": [[165, 166], [165, 170]], "missing_branches": []}, "global_exception_handler": {"executed_lines": [], "summary": {"covered_lines": 0, "num_statements": 2, "percent_covered": 0.0, "percent_covered_display": "0.00", "missing_lines": 2, "excluded_lines": 0, "percent_statements_covered": 0.0, "percent_statements_covered_display": "0.00", "num_branches": 0, "num_partial_branches": 0, "covered_branches": 0, "missing_branches": 0, "percent_branches_covered": 100.0, "percent_branches_covered_display": "100.00"}, "missing_lines": [255, 256], "excluded_lines": [], "start_line": 251, "executed_branches": [], "missing_branches": []}, "": {"executed_lines": [19, 20, 21, 22, 23, 24, 26, 27, 28, 31, 35, 38, 52, 65, 70, 75, 82, 83, 99, 100, 135, 136, 250, 251], "summary": {"covered_lines": 24, "num_statements": 24, "percent_covered": 100.0, "percent_covered_display": "100.00", "missing_lines": 0, "excluded_lines": 3, "percent_statements_covered": 100.0, "percent_statements_covered_display": "100.00", "num_branches": 0, "num_partial_branches": 0, "covered_branches": 0, "missing_branches": 0, "percent_branches_covered": 100.0, "percent_branches_covered_display": "100.00"}, "missing_lines": [], "excluded_lines": [265, 266, 267], "start_line": 1, "executed_branches": [], "missing_branches": []}}, "classes": {"": {"executed_lines": [19, 20, 21, 22, 23, 24, 26, 27, 28, 31, 35, 38, 52, 65, 70, 75, 82, 83, 90, 99, 100, 107, 114, 115, 116, 117, 118, 119, 120, 121, 122, 123, 126, 130, 132, 135, 136, 158, 159, 160, 163, 164, 165, 166, 167, 170, 179, 180, 191, 199, 200, 202, 203, 204, 206, 212, 220, 221, 226, 250, 251], "summary": {"covered_lines": 61, "num_statements": 66, "percent_covered": 92.6470588235294, "percent_covered_display": "92.65", "missing_lines": 5, "excluded_lines": 3, "percent_statements_covered": 92.42424242424242, "percent_statements_covered_display": "92.42", "num_branches": 2, "num_partial_branches": 0, "covered_branches": 2, "missing_branches": 0, "percent_branches_covered": 100.0, "percent_branches_covered_display": "100.00"}, "missing_lines": [242, 243, 244, 255, 256], "excluded_lines": [265, 266, 267], "start_line": 1, "executed_branches": [[165, 166], [165, 170]], "missing_branches": []}}}, "src\\financial_etl\\api\\routers\\__init__.py": {"executed_lines": [7, 9], "summary": {"covered_lines": 2, "num_statements": 2, "percent_covered": 100.0, "percent_covered_display": "100.00", "missing_lines": 0, "excluded_lines": 0, "percent_statements_covered": 100.0, "percent_statements_covered_display": "100.00", "num_branches": 0, "num_partial_branches": 0, "covered_branches": 0, "missing_branches": 0, "percent_branches_covered": 100.0, "percent_branches_covered_display": "100.00"}, "missing_lines": [], "excluded_lines": [], "executed_branches": [], "missing_branches": [], "functions": {"": {"executed_lines": [7, 9], "summary": {"covered_lines": 2, "num_statements": 2, "percent_covered": 100.0, "percent_covered_display": "100.00", "missing_lines": 0, "excluded_lines": 0, "percent_statements_covered": 100.0, "percent_statements_covered_display": "100.00", "num_branches": 0, "num_partial_branches": 0, "covered_branches": 0, "missing_branches": 0, "percent_branches_covered": 100.0, "percent_branches_covered_display": "100.00"}, "missing_lines": [], "excluded_lines": [], "start_line": 1, "executed_branches": [], "missing_branches": []}}, "classes": {"": {"executed_lines": [7, 9], "summary": {"covered_lines": 2, "num_statements": 2, "percent_covered": 100.0, "percent_covered_display": "100.00", "missing_lines": 0, "excluded_lines": 0, "percent_statements_covered": 100.0, "percent_statements_covered_display": "100.00", "num_branches": 0, "num_partial_branches": 0, "covered_branches": 0, "missing_branches": 0, "percent_branches_covered": 100.0, "percent_branches_covered_display": "100.00"}, "missing_lines": [], "excluded_lines": [], "start_line": 1, "executed_branches": [], "missing_branches": []}}}, "src\\financial_etl\\api\\routers\\audit.py": {"executed_lines": [10, 11, 12, 13, 14, 16, 18, 20, 23, 25, 26, 27, 28, 29, 30, 31, 32, 33, 34, 35, 38, 44, 58, 59, 60, 62, 63, 65, 69, 73, 77, 81, 85, 86, 88, 99, 100, 102, 119, 129, 134], "summary": {"covered_lines": 41, "num_statements": 75, "percent_covered": 51.68539325842696, "percent_covered_display": "51.69", "missing_lines": 34, "excluded_lines": 0, "percent_statements_covered": 54.666666666666664, "percent_statements_covered_display": "54.67", "num_branches": 14, "num_partial_branches": 5, "covered_branches": 5, "missing_branches": 9, "percent_branches_covered": 35.714285714285715, "percent_branches_covered_display": "35.71"}, "missing_lines": [66, 67, 70, 71, 74, 75, 78, 79, 82, 83, 121, 122, 123, 142, 143, 144, 146, 147, 149, 150, 151, 153, 154, 155, 157, 158, 160, 172, 173, 175, 195, 197, 198, 199], "excluded_lines": [], "executed_branches": [[65, 69], [69, 73], [73, 77], [77, 81], [81, 85]], "missing_branches": [[65, 66], [69, 70], [73, 74], [77, 78], [81, 82], [149, 150], [149, 153], [153, 154], [153, 157]], "functions": {"listar_operacoes": {"executed_lines": [58, 59, 60, 62, 63, 65, 69, 73, 77, 81, 85, 86, 88, 99, 100, 102, 119], "summary": {"covered_lines": 17, "num_statements": 30, "percent_covered": 55.0, "percent_covered_display": "55.00", "missing_lines": 13, "excluded_lines": 0, "percent_statements_covered": 56.666666666666664, "percent_statements_covered_display": "56.67", "num_branches": 10, "num_partial_branches": 5, "covered_branches": 5, "missing_branches": 5, "percent_branches_covered": 50.0, "percent_branches_covered_display": "50.00"}, "missing_lines": [66, 67, 70, 71, 74, 75, 78, 79, 82, 83, 121, 122, 123], "excluded_lines": [], "start_line": 44, "executed_branches": [[65, 69], [69, 73], [73, 77], [77, 81], [81, 85]], "missing_branches": [[65, 66], [69, 70], [73, 74], [77, 78], [81, 82]]}, "listar_sessoes": {"executed_lines": [], "summary": {"covered_lines": 0, "num_statements": 21, "percent_covered": 0.0, "percent_covered_display": "0.00", "missing_lines": 21, "excluded_lines": 0, "percent_statements_covered": 0.0, "percent_statements_covered_display": "0.00", "num_branches": 4, "num_partial_branches": 0, "covered_branches": 0, "missing_branches": 4, "percent_branches_covered": 0.0, "percent_branches_covered_display": "0.00"}, "missing_lines": [142, 143, 144, 146, 147, 149, 150, 151, 153, 154, 155, 157, 158, 160, 172, 173, 175, 195, 197, 198, 199], "excluded_lines": [], "start_line": 134, "executed_branches": [], "missing_branches": [[149, 150], [149, 153], [153, 154], [153, 157]]}, "": {"executed_lines": [10, 11, 12, 13, 14, 16, 18, 20, 23, 25, 26, 27, 28, 29, 30, 31, 32, 33, 34, 35, 38, 44, 129, 134], "summary": {"covered_lines": 24, "num_statements": 24, "percent_covered": 100.0, "percent_covered_display": "100.00", "missing_lines": 0, "excluded_lines": 0, "percent_statements_covered": 100.0, "percent_statements_covered_display": "100.00", "num_branches": 0, "num_partial_branches": 0, "covered_branches": 0, "missing_branches": 0, "percent_branches_covered": 100.0, "percent_branches_covered_display": "100.00"}, "missing_lines": [], "excluded_lines": [], "start_line": 1, "executed_branches": [], "missing_branches": []}}, "classes": {"OperacaoResponse": {"executed_lines": [], "summary": {"covered_lines": 0, "num_statements": 0, "percent_covered": 100.0, "percent_covered_display": "100.00", "missing_lines": 0, "excluded_lines": 0, "percent_statements_covered": 100.0, "percent_statements_covered_display": "100.00", "num_branches": 0, "num_partial_branches": 0, "covered_branches": 0, "missing_branches": 0, "percent_branches_covered": 100.0, "percent_branches_covered_display": "100.00"}, "missing_lines": [], "excluded_lines": [], "start_line": 23, "executed_branches": [], "missing_branches": []}, "": {"executed_lines": [10, 11, 12, 13, 14, 16, 18, 20, 23, 25, 26, 27, 28, 29, 30, 31, 32, 33, 34, 35, 38, 44, 58, 59, 60, 62, 63, 65, 69, 73, 77, 81, 85, 86, 88, 99, 100, 102, 119, 129, 134], "summary": {"covered_lines": 41, "num_statements": 75, "percent_covered": 51.68539325842696, "percent_covered_display": "51.69", "missing_lines": 34, "excluded_lines": 0, "percent_statements_covered": 54.666666666666664, "percent_statements_covered_display": "54.67", "num_branches": 14, "num_partial_branches": 5, "covered_branches": 5, "missing_branches": 9, "percent_branches_covered": 35.714285714285715, "percent_branches_covered_display": "35.71"}, "missing_lines": [66, 67, 70, 71, 74, 75, 78, 79, 82, 83, 121, 122, 123, 142, 143, 144, 146, 147, 149, 150, 151, 153, 154, 155, 157, 158, 160, 172, 173, 175, 195, 197, 198, 199], "excluded_lines": [], "start_line": 1, "executed_branches": [[65, 69], [69, 73], [73, 77], [77, 81], [81, 85]], "missing_branches": [[65, 66], [69, 70], [73, 74], [77, 78], [81, 82], [149, 150], [149, 153], [153, 154], [153, 157]]}}}, "src\\financial_etl\\api\\routers\\divergences.py": {"executed_lines": [10, 11, 12, 13, 14, 16, 17, 19, 21, 24, 26, 27, 28, 29, 30, 31, 32, 33, 34, 35, 36, 37, 39, 40, 43, 45, 46, 47, 48, 51, 53, 54, 55, 56, 57, 60, 66, 91, 92, 93, 95, 96, 98, 102, 106, 110, 114, 115, 117, 129, 130, 132, 150, 160, 166, 168, 169, 170, 172, 182, 183, 185, 186, 206, 207, 216, 221, 267, 272, 378, 383], "summary": {"covered_lines": 71, "num_statements": 132, "percent_covered": 52.054794520547944, "percent_covered_display": "52.05", "missing_lines": 61, "excluded_lines": 0, "percent_statements_covered": 53.78787878787879, "percent_statements_covered_display": "53.79", "num_branches": 14, "num_partial_branches": 5, "covered_branches": 5, "missing_branches": 9, "percent_branches_covered": 35.714285714285715, "percent_branches_covered_display": "35.71"}, "missing_lines": [99, 100, 103, 104, 107, 108, 111, 112, 152, 153, 154, 191, 208, 209, 210, 230, 231, 232, 235, 242, 248, 259, 260, 261, 278, 279, 280, 281, 282, 284, 286, 287, 289, 298, 300, 301, 306, 308, 311, 318, 327, 337, 344, 346, 352, 353, 354, 360, 362, 370, 371, 372, 391, 392, 393, 394, 396, 403, 410, 411, 412], "excluded_lines": [], "executed_branches": [[98, 102], [102, 106], [106, 110], [110, 114], [185, 186]], "missing_branches": [[98, 99], [102, 103], [106, 107], [110, 111], [185, 191], [286, 287], [286, 360], [300, 301], [300, 308]], "functions": {"listar_divergencias": {"executed_lines": [91, 92, 93, 95, 96, 98, 102, 106, 110, 114, 115, 117, 129, 130, 132, 150], "summary": {"covered_lines": 16, "num_statements": 27, "percent_covered": 57.142857142857146, "percent_covered_display": "57.14", "missing_lines": 11, "excluded_lines": 0, "percent_statements_covered": 59.25925925925926, "percent_statements_covered_display": "59.26", "num_branches": 8, "num_partial_branches": 4, "covered_branches": 4, "missing_branches": 4, "percent_branches_covered": 50.0, "percent_branches_covered_display": "50.00"}, "missing_lines": [99, 100, 103, 104, 107, 108, 111, 112, 152, 153, 154], "excluded_lines": [], "start_line": 66, "executed_branches": [[98, 102], [102, 106], [106, 110], [110, 114]], "missing_branches": [[98, 99], [102, 103], [106, 107], [110, 111]]}, "obter_divergencia": {"executed_lines": [168, 169, 170, 172, 182, 183, 185, 186, 206, 207], "summary": {"covered_lines": 10, "num_statements": 14, "percent_covered": 68.75, "percent_covered_display": "68.75", "missing_lines": 4, "excluded_lines": 0, "percent_statements_covered": 71.42857142857143, "percent_statements_covered_display": "71.43", "num_branches": 2, "num_partial_branches": 1, "covered_branches": 1, "missing_branches": 1, "percent_branches_covered": 50.0, "percent_branches_covered_display": "50.00"}, "missing_lines": [191, 208, 209, 210], "excluded_lines": [], "start_line": 166, "executed_branches": [[185, 186]], "missing_branches": [[185, 191]]}, "processar_divergencias": {"executed_lines": [], "summary": {"covered_lines": 0, "num_statements": 9, "percent_covered": 0.0, "percent_covered_display": "0.00", "missing_lines": 9, "excluded_lines": 0, "percent_statements_covered": 0.0, "percent_statements_covered_display": "0.00", "num_branches": 0, "num_partial_branches": 0, "covered_branches": 0, "missing_branches": 0, "percent_branches_covered": 100.0, "percent_branches_covered_display": "100.00"}, "missing_lines": [230, 231, 232, 235, 242, 248, 259, 260, 261], "excluded_lines": [], "start_line": 221, "executed_branches": [], "missing_branches": []}, "aprovar_correcoes": {"executed_lines": [], "summary": {"covered_lines": 0, "num_statements": 28, "percent_covered": 0.0, "percent_covered_display": "0.00", "missing_lines": 28, "excluded_lines": 0, "percent_statements_covered": 0.0, "percent_statements_covered_display": "0.00", "num_branches": 4, "num_partial_branches": 0, "covered_branches": 0, "missing_branches": 4, "percent_branches_covered": 0.0, "percent_branches_covered_display": "0.00"}, "missing_lines": [278, 279, 280, 281, 282, 284, 286, 287, 289, 298, 300, 301, 306, 308, 311, 318, 327, 337, 344, 346, 352, 353, 354, 360, 362, 370, 371, 372], "excluded_lines": [], "start_line": 272, "executed_branches": [], "missing_branches": [[286, 287], [286, 360], [300, 301], [300, 308]]}, "rejeitar_divergencia": {"executed_lines": [], "summary": {"covered_lines": 0, "num_statements": 9, "percent_covered": 0.0, "percent_covered_display": "0.00", "missing_lines": 9, "excluded_lines": 0, "percent_statements_covered": 0.0, "percent_statements_covered_display": "0.00", "num_branches": 0, "num_partial_branches": 0, "covered_branches": 0, "missing_branches": 0, "percent_branches_covered": 100.0, "percent_branches_covered_display": "100.00"}, "missing_lines": [391, 392, 393, 394, 396, 403, 410, 411, 412], "excluded_lines": [], "start_line": 383, "executed_branches": [], "missing_branches": []}, "": {"executed_lines": [10, 11, 12, 13, 14, 16, 17, 19, 21, 24, 26, 27, 28, 29, 30, 31, 32, 33, 34, 35, 36, 37, 39, 40, 43, 45, 46, 47, 48, 51, 53, 54, 55, 56, 57, 60, 66, 160, 166, 216, 221, 267, 272, 378, 383], "summary": {"covered_lines": 45, "num_statements": 45, "percent_covered": 100.0, "percent_covered_display": "100.00", "missing_lines": 0, "excluded_lines": 0, "percent_statements_covered": 100.0, "percent_statements_covered_display": "100.00", "num_branches": 0, "num_partial_branches": 0, "covered_branches": 0, "missing_branches": 0, "percent_branches_covered": 100.0, "percent_branches_covered_display": "100.00"}, "missing_lines": [], "excluded_lines": [], "start_line": 1, "executed_branches": [], "missing_branches": []}}, "classes": {"DivergenciaResponse": {"executed_lines": [], "summary": {"covered_lines": 0, "num_statements": 0, "percent_covered": 100.0, "percent_covered_display": "100.00", "missing_lines": 0, "excluded_lines": 0, "percent_statements_covered": 100.0, "percent_statements_covered_display": "100.00", "num_branches": 0, "num_partial_branches": 0, "covered_branches": 0, "missing_branches": 0, "percent_branches_covered": 100.0, "percent_branches_covered_display": "100.00"}, "missing_lines": [], "excluded_lines": [], "start_line": 24, "executed_branches": [], "missing_branches": []}, "DivergenciaResponse.Config": {"executed_lines": [], "summary": {"covered_lines": 0, "num_statements": 0, "percent_covered": 100.0, "percent_covered_display": "100.00", "missing_lines": 0, "excluded_lines": 0, "percent_statements_covered": 100.0, "percent_statements_covered_display": "100.00", "num_branches": 0, "num_partial_branches": 0, "covered_branches": 0, "missing_branches": 0, "percent_branches_covered": 100.0, "percent_branches_covered_display": "100.00"}, "missing_lines": [], "excluded_lines": [], "start_line": 39, "executed_branches": [], "missing_branches": []}, "AprovarCorrecaoRequest": {"executed_lines": [], "summary": {"covered_lines": 0, "num_statements": 0, "percent_covered": 100.0, "percent_covered_display": "100.00", "missing_lines": 0, "excluded_lines": 0, "percent_statements_covered": 100.0, "percent_statements_covered_display": "100.00", "num_branches": 0, "num_partial_branches": 0, "covered_branches": 0, "missing_branches": 0, "percent_branches_covered": 100.0, "percent_branches_covered_display": "100.00"}, "missing_lines": [], "excluded_lines": [], "start_line": 43, "executed_branches": [], "missing_branches": []}, "ProcessarDivergenciasRequest": {"executed_lines": [], "summary": {"covered_lines": 0, "num_statements": 0, "percent_covered": 100.0, "percent_covered_display": "100.00", "missing_lines": 0, "excluded_lines": 0, "percent_statements_covered": 100.0, "percent_statements_covered_display": "100.00", "num_branches": 0, "num_partial_branches": 0, "covered_branches": 0, "missing_branches": 0, "percent_branches_covered": 100.0, "percent_branches_covered_display": "100.00"}, "missing_lines": [], "excluded_lines": [], "start_line": 51, "executed_branches": [], "missing_branches": []}, "": {"executed_lines": [10, 11, 12, 13, 14, 16, 17, 19, 21, 24, 26, 27, 28, 29, 30, 31, 32, 33, 34, 35, 36, 37, 39, 40, 43, 45, 46, 47, 48, 51, 53, 54, 55, 56, 57, 60, 66, 91, 92, 93, 95, 96, 98, 102, 106, 110, 114, 115, 117, 129, 130, 132, 150, 160, 166, 168, 169, 170, 172, 182, 183, 185, 186, 206, 207, 216, 221, 267, 272, 378, 383], "summary": {"covered_lines": 71, "num_statements": 132, "percent_covered": 52.054794520547944, "percent_covered_display": "52.05", "missing_lines": 61, "excluded_lines": 0, "percent_statements_covered": 53.78787878787879, "percent_statements_covered_display": "53.79", "num_branches": 14, "num_partial_branches": 5, "covered_branches": 5, "missing_branches": 9, "percent_branches_covered": 35.714285714285715, "percent_branches_covered_display": "35.71"}, "missing_lines": [99, 100, 103, 104, 107, 108, 111, 112, 152, 153, 154, 191, 208, 209, 210, 230, 231, 232, 235, 242, 248, 259, 260, 261, 278, 279, 280, 281, 282, 284, 286, 287, 289, 298, 300, 301, 306, 308, 311, 318, 327, 337, 344, 346, 352, 353, 354, 360, 362, 370, 371, 372, 391, 392, 393, 394, 396, 403, 410, 411, 412], "excluded_lines": [], "start_line": 1, "executed_branches": [[98, 102], [102, 106], [106, 110], [110, 114], [185, 186]], "missing_branches": [[98, 99], [102, 103], [106, 107], [110, 111], [185, 191], [286, 287], [286, 360], [300, 301], [300, 308]]}}}, "src\\financial_etl\\api\\routers\\reports.py": {"executed_lines": [10, 11, 12, 13, 14, 15, 16, 18, 20, 22, 25, 30, 113, 118], "summary": {"covered_lines": 14, "num_statements": 66, "percent_covered": 17.5, "percent_covered_display": "17.50", "missing_lines": 52, "excluded_lines": 0, "percent_statements_covered": 21.21212121212121, "percent_statements_covered_display": "21.21", "num_branches": 14, "num_partial_branches": 0, "covered_branches": 0, "missing_branches": 14, "percent_branches_covered": 0.0, "percent_branches_covered_display": "0.00"}, "missing_lines": [39, 40, 41, 42, 44, 45, 46, 48, 49, 50, 52, 53, 54, 56, 58, 78, 81, 82, 83, 86, 88, 89, 90, 91, 93, 94, 95, 97, 99, 105, 106, 107, 125, 126, 127, 129, 130, 131, 132, 133, 136, 150, 151, 153, 167, 178, 179, 181, 192, 201, 202, 203], "excluded_lines": [], "executed_branches": [], "missing_branches": [[44, 45], [44, 48], [48, 49], [48, 52], [52, 53], [52, 56], [81, 82], [81, 86], [82, 81], [82, 83], [88, 89], [88, 93], [131, 132], [131, 136]], "functions": {"exportar_divergencias": {"executed_lines": [], "summary": {"covered_lines": 0, "num_statements": 32, "percent_covered": 0.0, "percent_covered_display": "0.00", "missing_lines": 32, "excluded_lines": 0, "percent_statements_covered": 0.0, "percent_statements_covered_display": "0.00", "num_branches": 12, "num_partial_branches": 0, "covered_branches": 0, "missing_branches": 12, "percent_branches_covered": 0.0, "percent_branches_covered_display": "0.00"}, "missing_lines": [39, 40, 41, 42, 44, 45, 46, 48, 49, 50, 52, 53, 54, 56, 58, 78, 81, 82, 83, 86, 88, 89, 90, 91, 93, 94, 95, 97, 99, 105, 106, 107], "excluded_lines": [], "start_line": 30, "executed_branches": [], "missing_branches": [[44, 45], [44, 48], [48, 49], [48, 52], [52, 53], [52, 56], [81, 82], [81, 86], [82, 81], [82, 83], [88, 89], [88, 93]]}, "obter_metricas_performance": {"executed_lines": [], "summary": {"covered_lines": 0, "num_statements": 20, "percent_covered": 0.0, "percent_covered_display": "0.00", "missing_lines": 20, "excluded_lines": 0, "percent_statements_covered": 0.0, "percent_statements_covered_display": "0.00", "num_branches": 2, "num_partial_branches": 0, "covered_branches": 0, "missing_branches": 2, "percent_branches_covered": 0.0, "percent_branches_covered_display": "0.00"}, "missing_lines": [125, 126, 127, 129, 130, 131, 132, 133, 136, 150, 151, 153, 167, 178, 179, 181, 192, 201, 202, 203], "excluded_lines": [], "start_line": 118, "executed_branches": [], "missing_branches": [[131, 132], [131, 136]]}, "": {"executed_lines": [10, 11, 12, 13, 14, 15, 16, 18, 20, 22, 25, 30, 113, 118], "summary": {"covered_lines": 14, "num_statements": 14, "percent_covered": 100.0, "percent_covered_display": "100.00", "missing_lines": 0, "excluded_lines": 0, "percent_statements_covered": 100.0, "percent_statements_covered_display": "100.00", "num_branches": 0, "num_partial_branches": 0, "covered_branches": 0, "missing_branches": 0, "percent_branches_covered": 100.0, "percent_branches_covered_display": "100.00"}, "missing_lines": [], "excluded_lines": [], "start_line": 1, "executed_branches": [], "missing_branches": []}}, "classes": {"": {"executed_lines": [10, 11, 12, 13, 14, 15, 16, 18, 20, 22, 25, 30, 113, 118], "summary": {"covered_lines": 14, "num_statements": 66, "percent_covered": 17.5, "percent_covered_display": "17.50", "missing_lines": 52, "excluded_lines": 0, "percent_statements_covered": 21.21212121212121, "percent_statements_covered_display": "21.21", "num_branches": 14, "num_partial_branches": 0, "covered_branches": 0, "missing_branches": 14, "percent_branches_covered": 0.0, "percent_branches_covered_display": "0.00"}, "missing_lines": [39, 40, 41, 42, 44, 45, 46, 48, 49, 50, 52, 53, 54, 56, 58, 78, 81, 82, 83, 86, 88, 89, 90, 91, 93, 94, 95, 97, 99, 105, 106, 107, 125, 126, 127, 129, 130, 131, 132, 133, 136, 150, 151, 153, 167, 178, 179, 181, 192, 201, 202, 203], "excluded_lines": [], "start_line": 1, "executed_branches": [], "missing_branches": [[44, 45], [44, 48], [48, 49], [48, 52], [52, 53], [52, 56], [81, 82], [81, 86], [82, 81], [82, 83], [88, 89], [88, 93], [131, 132], [131, 136]]}}}, "src\\financial_etl\\automation\\__init__.py": {"executed_lines": [], "summary": {"covered_lines": 0, "num_statements": 3, "percent_covered": 0.0, "percent_covered_display": "0.00", "missing_lines": 3, "excluded_lines": 0, "percent_statements_covered": 0.0, "percent_statements_covered_display": "0.00", "num_branches": 0, "num_partial_branches": 0, "covered_branches": 0, "missing_branches": 0, "percent_branches_covered": 100.0, "percent_branches_covered_display": "100.00"}, "missing_lines": [7, 8, 10], "excluded_lines": [], "executed_branches": [], "missing_branches": [], "functions": {"": {"executed_lines": [], "summary": {"covered_lines": 0, "num_statements": 3, "percent_covered": 0.0, "percent_covered_display": "0.00", "missing_lines": 3, "excluded_lines": 0, "percent_statements_covered": 0.0, "percent_statements_covered_display": "0.00", "num_branches": 0, "num_partial_branches": 0, "covered_branches": 0, "missing_branches": 0, "percent_branches_covered": 100.0, "percent_branches_covered_display": "100.00"}, "missing_lines": [7, 8, 10], "excluded_lines": [], "start_line": 1, "executed_branches": [], "missing_branches": []}}, "classes": {"": {"executed_lines": [], "summary": {"covered_lines": 0, "num_statements": 3, "percent_covered": 0.0, "percent_covered_display": "0.00", "missing_lines": 3, "excluded_lines": 0, "percent_statements_covered": 0.0, "percent_statements_covered_display": "0.00", "num_branches": 0, "num_partial_branches": 0, "covered_branches": 0, "missing_branches": 0, "percent_branches_covered": 100.0, "percent_branches_covered_display": "100.00"}, "missing_lines": [7, 8, 10], "excluded_lines": [], "start_line": 1, "executed_branches": [], "missing_branches": []}}}, "src\\financial_etl\\automation\\daily_processor.py": {"executed_lines": [], "summary": {"covered_lines": 0, "num_statements": 113, "percent_covered": 0.0, "percent_covered_display": "0.00", "missing_lines": 113, "excluded_lines": 2, "percent_statements_covered": 0.0, "percent_statements_covered_display": "0.00", "num_branches": 14, "num_partial_branches": 0, "covered_branches": 0, "missing_branches": 14, "percent_branches_covered": 0.0, "percent_branches_covered_display": "0.00"}, "missing_lines": [22, 23, 24, 25, 26, 27, 30, 31, 33, 34, 41, 42, 44, 52, 55, 62, 77, 78, 79, 80, 82, 83, 84, 85, 87, 91, 98, 99, 100, 102, 103, 109, 110, 111, 112, 115, 124, 127, 128, 129, 131, 136, 137, 141, 142, 145, 146, 147, 149, 150, 151, 154, 155, 156, 158, 164, 165, 166, 169, 170, 171, 173, 174, 175, 176, 177, 179, 186, 187, 188, 189, 192, 193, 194, 196, 197, 198, 206, 207, 209, 211, 212, 213, 216, 217, 219, 227, 232, 244, 258, 259, 260, 261, 263, 265, 266, 269, 270, 275, 276, 278, 279, 280, 283, 285, 305, 311, 317, 325, 328, 334, 337, 339], "excluded_lines": [342, 343], "executed_branches": [], "missing_branches": [[77, 78], [77, 79], [79, 80], [79, 82], [146, 147], [146, 149], [150, 151], [150, 154], [174, 175], [174, 192], [196, 197], [196, 216], [206, 207], [206, 209]], "functions": {"DailyProcessor.__init__": {"executed_lines": [], "summary": {"covered_lines": 0, "num_statements": 9, "percent_covered": 0.0, "percent_covered_display": "0.00", "missing_lines": 9, "excluded_lines": 0, "percent_statements_covered": 0.0, "percent_statements_covered_display": "0.00", "num_branches": 4, "num_partial_branches": 0, "covered_branches": 0, "missing_branches": 4, "percent_branches_covered": 0.0, "percent_branches_covered_display": "0.00"}, "missing_lines": [77, 78, 79, 80, 82, 83, 84, 85, 87], "excluded_lines": [], "start_line": 62, "executed_branches": [], "missing_branches": [[77, 78], [77, 79], [79, 80], [79, 82]]}, "DailyProcessor.executar": {"executed_lines": [], "summary": {"covered_lines": 0, "num_statements": 77, "percent_covered": 0.0, "percent_covered_display": "0.00", "missing_lines": 77, "excluded_lines": 0, "percent_statements_covered": 0.0, "percent_statements_covered_display": "0.00", "num_branches": 10, "num_partial_branches": 0, "covered_branches": 0, "missing_branches": 10, "percent_branches_covered": 0.0, "percent_branches_covered_display": "0.00"}, "missing_lines": [98, 99, 100, 102, 103, 109, 110, 111, 112, 115, 124, 127, 128, 129, 131, 136, 137, 141, 142, 145, 146, 147, 149, 150, 151, 154, 155, 156, 158, 164, 165, 166, 169, 170, 171, 173, 174, 175, 176, 177, 179, 186, 187, 188, 189, 192, 193, 194, 196, 197, 198, 206, 207, 209, 211, 212, 213, 216, 217, 219, 227, 232, 244, 258, 259, 260, 261, 263, 265, 266, 269, 270, 275, 276, 278, 279, 280], "excluded_lines": [], "start_line": 91, "executed_branches": [], "missing_branches": [[146, 147], [146, 149], [150, 151], [150, 154], [174, 175], [174, 192], [196, 197], [196, 216], [206, 207], [206, 209]]}, "main": {"executed_lines": [], "summary": {"covered_lines": 0, "num_statements": 9, "percent_covered": 0.0, "percent_covered_display": "0.00", "missing_lines": 9, "excluded_lines": 0, "percent_statements_covered": 0.0, "percent_statements_covered_display": "0.00", "num_branches": 0, "num_partial_branches": 0, "covered_branches": 0, "missing_branches": 0, "percent_branches_covered": 100.0, "percent_branches_covered_display": "100.00"}, "missing_lines": [285, 305, 311, 317, 325, 328, 334, 337, 339], "excluded_lines": [], "start_line": 283, "executed_branches": [], "missing_branches": []}, "": {"executed_lines": [], "summary": {"covered_lines": 0, "num_statements": 18, "percent_covered": 0.0, "percent_covered_display": "0.00", "missing_lines": 18, "excluded_lines": 2, "percent_statements_covered": 0.0, "percent_statements_covered_display": "0.00", "num_branches": 0, "num_partial_branches": 0, "covered_branches": 0, "missing_branches": 0, "percent_branches_covered": 100.0, "percent_branches_covered_display": "100.00"}, "missing_lines": [22, 23, 24, 25, 26, 27, 30, 31, 33, 34, 41, 42, 44, 52, 55, 62, 91, 283], "excluded_lines": [342, 343], "start_line": 1, "executed_branches": [], "missing_branches": []}}, "classes": {"DailyProcessor": {"executed_lines": [], "summary": {"covered_lines": 0, "num_statements": 86, "percent_covered": 0.0, "percent_covered_display": "0.00", "missing_lines": 86, "excluded_lines": 0, "percent_statements_covered": 0.0, "percent_statements_covered_display": "0.00", "num_branches": 14, "num_partial_branches": 0, "covered_branches": 0, "missing_branches": 14, "percent_branches_covered": 0.0, "percent_branches_covered_display": "0.00"}, "missing_lines": [77, 78, 79, 80, 82, 83, 84, 85, 87, 98, 99, 100, 102, 103, 109, 110, 111, 112, 115, 124, 127, 128, 129, 131, 136, 137, 141, 142, 145, 146, 147, 149, 150, 151, 154, 155, 156, 158, 164, 165, 166, 169, 170, 171, 173, 174, 175, 176, 177, 179, 186, 187, 188, 189, 192, 193, 194, 196, 197, 198, 206, 207, 209, 211, 212, 213, 216, 217, 219, 227, 232, 244, 258, 259, 260, 261, 263, 265, 266, 269, 270, 275, 276, 278, 279, 280], "excluded_lines": [], "start_line": 55, "executed_branches": [], "missing_branches": [[77, 78], [77, 79], [79, 80], [79, 82], [146, 147], [146, 149], [150, 151], [150, 154], [174, 175], [174, 192], [196, 197], [196, 216], [206, 207], [206, 209]]}, "": {"executed_lines": [], "summary": {"covered_lines": 0, "num_statements": 27, "percent_covered": 0.0, "percent_covered_display": "0.00", "missing_lines": 27, "excluded_lines": 2, "percent_statements_covered": 0.0, "percent_statements_covered_display": "0.00", "num_branches": 0, "num_partial_branches": 0, "covered_branches": 0, "missing_branches": 0, "percent_branches_covered": 100.0, "percent_branches_covered_display": "100.00"}, "missing_lines": [22, 23, 24, 25, 26, 27, 30, 31, 33, 34, 41, 42, 44, 52, 55, 62, 91, 283, 285, 305, 311, 317, 325, 328, 334, 337, 339], "excluded_lines": [342, 343], "start_line": 1, "executed_branches": [], "missing_branches": []}}}, "src\\financial_etl\\automation\\scheduler.py": {"executed_lines": [], "summary": {"covered_lines": 0, "num_statements": 133, "percent_covered": 0.0, "percent_covered_display": "0.00", "missing_lines": 133, "excluded_lines": 2, "percent_statements_covered": 0.0, "percent_statements_covered_display": "0.00", "num_branches": 20, "num_partial_branches": 0, "covered_branches": 0, "missing_branches": 20, "percent_branches_covered": 0.0, "percent_branches_covered_display": "0.00"}, "missing_lines": [15, 16, 17, 18, 19, 22, 23, 26, 45, 46, 47, 49, 50, 53, 54, 57, 59, 60, 61, 62, 63, 65, 66, 68, 69, 70, 71, 72, 73, 74, 75, 76, 78, 79, 80, 82, 83, 84, 87, 106, 107, 108, 111, 116, 117, 118, 119, 120, 121, 122, 123, 124, 125, 126, 127, 128, 129, 130, 131, 132, 133, 134, 136, 139, 149, 150, 151, 153, 155, 157, 158, 160, 161, 162, 164, 165, 167, 168, 169, 172, 179, 180, 182, 183, 184, 186, 187, 190, 194, 195, 196, 197, 199, 200, 201, 203, 204, 205, 206, 207, 208, 209, 211, 212, 214, 215, 216, 217, 218, 219, 220, 221, 222, 224, 225, 226, 228, 229, 230, 232, 233, 236, 238, 239, 243, 244, 245, 246, 247, 248, 249, 250, 251], "excluded_lines": [254, 255], "executed_branches": [], "missing_branches": [[45, 46], [45, 49], [53, 54], [53, 57], [68, 69], [68, 78], [149, 150], [149, 153], [160, 161], [160, 164], [203, 204], [203, 243], [214, 215], [214, 224], [224, 225], [224, 228], [228, 229], [228, 232], [232, 233], [232, 236]], "functions": {"criar_task_windows": {"executed_lines": [], "summary": {"covered_lines": 0, "num_statements": 30, "percent_covered": 0.0, "percent_covered_display": "0.00", "missing_lines": 30, "excluded_lines": 0, "percent_statements_covered": 0.0, "percent_statements_covered_display": "0.00", "num_branches": 6, "num_partial_branches": 0, "covered_branches": 0, "missing_branches": 6, "percent_branches_covered": 0.0, "percent_branches_covered_display": "0.00"}, "missing_lines": [45, 46, 47, 49, 50, 53, 54, 57, 59, 60, 61, 62, 63, 65, 66, 68, 69, 70, 71, 72, 73, 74, 75, 76, 78, 79, 80, 82, 83, 84], "excluded_lines": [], "start_line": 26, "executed_branches": [], "missing_branches": [[45, 46], [45, 49], [53, 54], [53, 57], [68, 69], [68, 78]]}, "criar_cron_linux": {"executed_lines": [], "summary": {"covered_lines": 0, "num_statements": 24, "percent_covered": 0.0, "percent_covered_display": "0.00", "missing_lines": 24, "excluded_lines": 0, "percent_statements_covered": 0.0, "percent_statements_covered_display": "0.00", "num_branches": 0, "num_partial_branches": 0, "covered_branches": 0, "missing_branches": 0, "percent_branches_covered": 100.0, "percent_branches_covered_display": "100.00"}, "missing_lines": [106, 107, 108, 111, 116, 117, 118, 119, 120, 121, 122, 123, 124, 125, 126, 127, 128, 129, 130, 131, 132, 133, 134, 136], "excluded_lines": [], "start_line": 87, "executed_branches": [], "missing_branches": []}, "remover_task_windows": {"executed_lines": [], "summary": {"covered_lines": 0, "num_statements": 15, "percent_covered": 0.0, "percent_covered_display": "0.00", "missing_lines": 15, "excluded_lines": 0, "percent_statements_covered": 0.0, "percent_statements_covered_display": "0.00", "num_branches": 4, "num_partial_branches": 0, "covered_branches": 0, "missing_branches": 4, "percent_branches_covered": 0.0, "percent_branches_covered_display": "0.00"}, "missing_lines": [149, 150, 151, 153, 155, 157, 158, 160, 161, 162, 164, 165, 167, 168, 169], "excluded_lines": [], "start_line": 139, "executed_branches": [], "missing_branches": [[149, 150], [149, 153], [160, 161], [160, 164]]}, "executar_agora": {"executed_lines": [], "summary": {"covered_lines": 0, "num_statements": 7, "percent_covered": 0.0, "percent_covered_display": "0.00", "missing_lines": 7, "excluded_lines": 0, "percent_statements_covered": 0.0, "percent_statements_covered_display": "0.00", "num_branches": 0, "num_partial_branches": 0, "covered_branches": 0, "missing_branches": 0, "percent_branches_covered": 100.0, "percent_branches_covered_display": "100.00"}, "missing_lines": [179, 180, 182, 183, 184, 186, 187], "excluded_lines": [], "start_line": 172, "executed_branches": [], "missing_branches": []}, "main": {"executed_lines": [], "summary": {"covered_lines": 0, "num_statements": 45, "percent_covered": 0.0, "percent_covered_display": "0.00", "missing_lines": 45, "excluded_lines": 0, "percent_statements_covered": 0.0, "percent_statements_covered_display": "0.00", "num_branches": 10, "num_partial_branches": 0, "covered_branches": 0, "missing_branches": 10, "percent_branches_covered": 0.0, "percent_branches_covered_display": "0.00"}, "missing_lines": [194, 195, 196, 197, 199, 200, 201, 203, 204, 205, 206, 207, 208, 209, 211, 212, 214, 215, 216, 217, 218, 219, 220, 221, 222, 224, 225, 226, 228, 229, 230, 232, 233, 236, 238, 239, 243, 244, 245, 246, 247, 248, 249, 250, 251], "excluded_lines": [], "start_line": 190, "executed_branches": [], "missing_branches": [[203, 204], [203, 243], [214, 215], [214, 224], [224, 225], [224, 228], [228, 229], [228, 232], [232, 233], [232, 236]]}, "": {"executed_lines": [], "summary": {"covered_lines": 0, "num_statements": 12, "percent_covered": 0.0, "percent_covered_display": "0.00", "missing_lines": 12, "excluded_lines": 2, "percent_statements_covered": 0.0, "percent_statements_covered_display": "0.00", "num_branches": 0, "num_partial_branches": 0, "covered_branches": 0, "missing_branches": 0, "percent_branches_covered": 100.0, "percent_branches_covered_display": "100.00"}, "missing_lines": [15, 16, 17, 18, 19, 22, 23, 26, 87, 139, 172, 190], "excluded_lines": [254, 255], "start_line": 1, "executed_branches": [], "missing_branches": []}}, "classes": {"": {"executed_lines": [], "summary": {"covered_lines": 0, "num_statements": 133, "percent_covered": 0.0, "percent_covered_display": "0.00", "missing_lines": 133, "excluded_lines": 2, "percent_statements_covered": 0.0, "percent_statements_covered_display": "0.00", "num_branches": 20, "num_partial_branches": 0, "covered_branches": 0, "missing_branches": 20, "percent_branches_covered": 0.0, "percent_branches_covered_display": "0.00"}, "missing_lines": [15, 16, 17, 18, 19, 22, 23, 26, 45, 46, 47, 49, 50, 53, 54, 57, 59, 60, 61, 62, 63, 65, 66, 68, 69, 70, 71, 72, 73, 74, 75, 76, 78, 79, 80, 82, 83, 84, 87, 106, 107, 108, 111, 116, 117, 118, 119, 120, 121, 122, 123, 124, 125, 126, 127, 128, 129, 130, 131, 132, 133, 134, 136, 139, 149, 150, 151, 153, 155, 157, 158, 160, 161, 162, 164, 165, 167, 168, 169, 172, 179, 180, 182, 183, 184, 186, 187, 190, 194, 195, 196, 197, 199, 200, 201, 203, 204, 205, 206, 207, 208, 209, 211, 212, 214, 215, 216, 217, 218, 219, 220, 221, 222, 224, 225, 226, 228, 229, 230, 232, 233, 236, 238, 239, 243, 244, 245, 246, 247, 248, 249, 250, 251], "excluded_lines": [254, 255], "start_line": 1, "executed_branches": [], "missing_branches": [[45, 46], [45, 49], [53, 54], [53, 57], [68, 69], [68, 78], [149, 150], [149, 153], [160, 161], [160, 164], [203, 204], [203, 243], [214, 215], [214, 224], [224, 225], [224, 228], [228, 229], [228, 232], [232, 233], [232, 236]]}}}, "src\\financial_etl\\config.py": {"executed_lines": [5, 6, 7, 8, 10, 11, 13, 22], "summary": {"covered_lines": 8, "num_statements": 8, "percent_covered": 100.0, "percent_covered_display": "100.00", "missing_lines": 0, "excluded_lines": 0, "percent_statements_covered": 100.0, "percent_statements_covered_display": "100.00", "num_branches": 0, "num_partial_branches": 0, "covered_branches": 0, "missing_branches": 0, "percent_branches_covered": 100.0, "percent_branches_covered_display": "100.00"}, "missing_lines": [], "excluded_lines": [], "executed_branches": [], "missing_branches": [], "functions": {"": {"executed_lines": [5, 6, 7, 8, 10, 11, 13, 22], "summary": {"covered_lines": 8, "num_statements": 8, "percent_covered": 100.0, "percent_covered_display": "100.00", "missing_lines": 0, "excluded_lines": 0, "percent_statements_covered": 100.0, "percent_statements_covered_display": "100.00", "num_branches": 0, "num_partial_branches": 0, "covered_branches": 0, "missing_branches": 0, "percent_branches_covered": 100.0, "percent_branches_covered_display": "100.00"}, "missing_lines": [], "excluded_lines": [], "start_line": 1, "executed_branches": [], "missing_branches": []}}, "classes": {"": {"executed_lines": [5, 6, 7, 8, 10, 11, 13, 22], "summary": {"covered_lines": 8, "num_statements": 8, "percent_covered": 100.0, "percent_covered_display": "100.00", "missing_lines": 0, "excluded_lines": 0, "percent_statements_covered": 100.0, "percent_statements_covered_display": "100.00", "num_branches": 0, "num_partial_branches": 0, "covered_branches": 0, "missing_branches": 0, "percent_branches_covered": 100.0, "percent_branches_covered_display": "100.00"}, "missing_lines": [], "excluded_lines": [], "start_line": 1, "executed_branches": [], "missing_branches": []}}}, "src\\financial_etl\\conn.py": {"executed_lines": [6, 7, 8, 9, 10, 11, 12, 16, 17, 20, 28, 55, 56, 58, 59, 64, 65, 73, 74, 82, 83, 84, 85, 86, 87, 88, 89, 90, 92, 93], "summary": {"covered_lines": 30, "num_statements": 32, "percent_covered": 89.47368421052632, "percent_covered_display": "89.47", "missing_lines": 2, "excluded_lines": 0, "percent_statements_covered": 93.75, "percent_statements_covered_display": "93.75", "num_branches": 6, "num_partial_branches": 2, "covered_branches": 4, "missing_branches": 2, "percent_branches_covered": 66.66666666666667, "percent_branches_covered_display": "66.67"}, "missing_lines": [66, 67], "excluded_lines": [], "executed_branches": [[58, 59], [58, 64], [88, 89], [92, 93]], "missing_branches": [[88, 90], [92, -73]], "functions": {"get_connection": {"executed_lines": [55, 56, 58, 59, 64, 65], "summary": {"covered_lines": 6, "num_statements": 8, "percent_covered": 80.0, "percent_covered_display": "80.00", "missing_lines": 2, "excluded_lines": 0, "percent_statements_covered": 75.0, "percent_statements_covered_display": "75.00", "num_branches": 2, "num_partial_branches": 0, "covered_branches": 2, "missing_branches": 0, "percent_branches_covered": 100.0, "percent_branches_covered_display": "100.00"}, "missing_lines": [66, 67], "excluded_lines": [], "start_line": 28, "executed_branches": [[58, 59], [58, 64]], "missing_branches": []}, "db_connection": {"executed_lines": [82, 83, 84, 85, 86, 87, 88, 89, 90, 92, 93], "summary": {"covered_lines": 11, "num_statements": 11, "percent_covered": 86.66666666666667, "percent_covered_display": "86.67", "missing_lines": 0, "excluded_lines": 0, "percent_statements_covered": 100.0, "percent_statements_covered_display": "100.00", "num_branches": 4, "num_partial_branches": 2, "covered_branches": 2, "missing_branches": 2, "percent_branches_covered": 50.0, "percent_branches_covered_display": "50.00"}, "missing_lines": [], "excluded_lines": [], "start_line": 74, "executed_branches": [[88, 89], [92, 93]], "missing_branches": [[88, 90], [92, -73]]}, "": {"executed_lines": [6, 7, 8, 9, 10, 11, 12, 16, 17, 20, 28, 73, 74], "summary": {"covered_lines": 13, "num_statements": 13, "percent_covered": 100.0, "percent_covered_display": "100.00", "missing_lines": 0, "excluded_lines": 0, "percent_statements_covered": 100.0, "percent_statements_covered_display": "100.00", "num_branches": 0, "num_partial_branches": 0, "covered_branches": 0, "missing_branches": 0, "percent_branches_covered": 100.0, "percent_branches_covered_display": "100.00"}, "missing_lines": [], "excluded_lines": [], "start_line": 1, "executed_branches": [], "missing_branches": []}}, "classes": {"": {"executed_lines": [6, 7, 8, 9, 10, 11, 12, 16, 17, 20, 28, 55, 56, 58, 59, 64, 65, 73, 74, 82, 83, 84, 85, 86, 87, 88, 89, 90, 92, 93], "summary": {"covered_lines": 30, "num_statements": 32, "percent_covered": 89.47368421052632, "percent_covered_display": "89.47", "missing_lines": 2, "excluded_lines": 0, "percent_statements_covered": 93.75, "percent_statements_covered_display": "93.75", "num_branches": 6, "num_partial_branches": 2, "covered_branches": 4, "missing_branches": 2, "percent_branches_covered": 66.66666666666667, "percent_branches_covered_display": "66.67"}, "missing_lines": [66, 67], "excluded_lines": [], "start_line": 1, "executed_branches": [[58, 59], [58, 64], [88, 89], [92, 93]], "missing_branches": [[88, 90], [92, -73]]}}}, "src\\financial_etl\\rollback.py": {"executed_lines": [6, 7], "summary": {"covered_lines": 2, "num_statements": 20, "percent_covered": 10.0, "percent_covered_display": "10.00", "missing_lines": 18, "excluded_lines": 2, "percent_statements_covered": 10.0, "percent_statements_covered_display": "10.00", "num_branches": 0, "num_partial_branches": 0, "covered_branches": 0, "missing_branches": 0, "percent_branches_covered": 100.0, "percent_branches_covered_display": "100.00"}, "missing_lines": [9, 16, 18, 19, 20, 22, 23, 25, 26, 28, 29, 30, 33, 34, 35, 36, 37, 38], "excluded_lines": [40, 41], "executed_branches": [], "missing_branches": [], "functions": {"main": {"executed_lines": [], "summary": {"covered_lines": 0, "num_statements": 17, "percent_covered": 0.0, "percent_covered_display": "0.00", "missing_lines": 17, "excluded_lines": 0, "percent_statements_covered": 0.0, "percent_statements_covered_display": "0.00", "num_branches": 0, "num_partial_branches": 0, "covered_branches": 0, "missing_branches": 0, "percent_branches_covered": 100.0, "percent_branches_covered_display": "100.00"}, "missing_lines": [16, 18, 19, 20, 22, 23, 25, 26, 28, 29, 30, 33, 34, 35, 36, 37, 38], "excluded_lines": [], "start_line": 9, "executed_branches": [], "missing_branches": []}, "": {"executed_lines": [6, 7], "summary": {"covered_lines": 2, "num_statements": 3, "percent_covered": 66.66666666666667, "percent_covered_display": "66.67", "missing_lines": 1, "excluded_lines": 2, "percent_statements_covered": 66.66666666666667, "percent_statements_covered_display": "66.67", "num_branches": 0, "num_partial_branches": 0, "covered_branches": 0, "missing_branches": 0, "percent_branches_covered": 100.0, "percent_branches_covered_display": "100.00"}, "missing_lines": [9], "excluded_lines": [40, 41], "start_line": 1, "executed_branches": [], "missing_branches": []}}, "classes": {"": {"executed_lines": [6, 7], "summary": {"covered_lines": 2, "num_statements": 20, "percent_covered": 10.0, "percent_covered_display": "10.00", "missing_lines": 18, "excluded_lines": 2, "percent_statements_covered": 10.0, "percent_statements_covered_display": "10.00", "num_branches": 0, "num_partial_branches": 0, "covered_branches": 0, "missing_branches": 0, "percent_branches_covered": 100.0, "percent_branches_covered_display": "100.00"}, "missing_lines": [9, 16, 18, 19, 20, 22, 23, 25, 26, 28, 29, 30, 33, 34, 35, 36, 37, 38], "excluded_lines": [40, 41], "start_line": 1, "executed_branches": [], "missing_branches": []}}}, "src\\financial_etl\\services\\__init__.py": {"executed_lines": [13, 14, 15, 17], "summary": {"covered_lines": 4, "num_statements": 4, "percent_covered": 100.0, "percent_covered_display": "100.00", "missing_lines": 0, "excluded_lines": 0, "percent_statements_covered": 100.0, "percent_statements_covered_display": "100.00", "num_branches": 0, "num_partial_branches": 0, "covered_branches": 0, "missing_branches": 0, "percent_branches_covered": 100.0, "percent_branches_covered_display": "100.00"}, "missing_lines": [], "excluded_lines": [], "executed_branches": [], "missing_branches": [], "functions": {"": {"executed_lines": [13, 14, 15, 17], "summary": {"covered_lines": 4, "num_statements": 4, "percent_covered": 100.0, "percent_covered_display": "100.00", "missing_lines": 0, "excluded_lines": 0, "percent_statements_covered": 100.0, "percent_statements_covered_display": "100.00", "num_branches": 0, "num_partial_branches": 0, "covered_branches": 0, "missing_branches": 0, "percent_branches_covered": 100.0, "percent_branches_covered_display": "100.00"}, "missing_lines": [], "excluded_lines": [], "start_line": 1, "executed_branches": [], "missing_branches": []}}, "classes": {"": {"executed_lines": [13, 14, 15, 17], "summary": {"covered_lines": 4, "num_statements": 4, "percent_covered": 100.0, "percent_covered_display": "100.00", "missing_lines": 0, "excluded_lines": 0, "percent_statements_covered": 100.0, "percent_statements_covered_display": "100.00", "num_branches": 0, "num_partial_branches": 0, "covered_branches": 0, "missing_branches": 0, "percent_branches_covered": 100.0, "percent_branches_covered_display": "100.00"}, "missing_lines": [], "excluded_lines": [], "start_line": 1, "executed_branches": [], "missing_branches": []}}}, "src\\financial_etl\\services\\audit_logger.py": {"executed_lines": [16, 17, 18, 19, 20, 21, 22, 24, 27, 49, 56, 57, 59, 89, 90, 100, 111, 112, 114, 115, 117, 118, 119, 120, 122, 145, 146, 159, 168, 170, 180, 181, 229, 300, 350, 394, 450, 490], "summary": {"covered_lines": 38, "num_statements": 125, "percent_covered": 28.14814814814815, "percent_covered_display": "28.15", "missing_lines": 87, "excluded_lines": 0, "percent_statements_covered": 30.4, "percent_statements_covered_display": "30.40", "num_branches": 10, "num_partial_branches": 0, "covered_branches": 0, "missing_branches": 10, "percent_branches_covered": 0.0, "percent_branches_covered_display": "0.00"}, "missing_lines": [175, 176, 177, 178, 211, 215, 216, 217, 219, 220, 221, 226, 227, 260, 261, 272, 285, 286, 288, 293, 295, 296, 297, 298, 318, 319, 330, 338, 340, 345, 346, 347, 348, 367, 368, 377, 383, 384, 386, 387, 389, 390, 391, 392, 412, 413, 429, 441, 443, 445, 446, 447, 448, 463, 464, 472, 473, 475, 476, 478, 486, 487, 488, 511, 512, 513, 515, 516, 517, 519, 520, 521, 523, 524, 525, 527, 528, 529, 531, 532, 534, 545, 546, 548, 564, 565, 566], "excluded_lines": [], "executed_branches": [], "missing_branches": [[475, 476], [475, 478], [515, 516], [515, 519], [519, 520], [519, 523], [523, 524], [523, 527], [527, 528], [527, 531]], "functions": {"AuditLogger.__init__": {"executed_lines": [56, 57], "summary": {"covered_lines": 2, "num_statements": 2, "percent_covered": 100.0, "percent_covered_display": "100.00", "missing_lines": 0, "excluded_lines": 0, "percent_statements_covered": 100.0, "percent_statements_covered_display": "100.00", "num_branches": 0, "num_partial_branches": 0, "covered_branches": 0, "missing_branches": 0, "percent_branches_covered": 100.0, "percent_branches_covered_display": "100.00"}, "missing_lines": [], "excluded_lines": [], "start_line": 49, "executed_branches": [], "missing_branches": []}, "AuditLogger.iniciar_operacao": {"executed_lines": [89, 90, 100, 111, 112, 114, 115, 117, 118, 119, 120], "summary": {"covered_lines": 11, "num_statements": 11, "percent_covered": 100.0, "percent_covered_display": "100.00", "missing_lines": 0, "excluded_lines": 0, "percent_statements_covered": 100.0, "percent_statements_covered_display": "100.00", "num_branches": 0, "num_partial_branches": 0, "covered_branches": 0, "missing_branches": 0, "percent_branches_covered": 100.0, "percent_branches_covered_display": "100.00"}, "missing_lines": [], "excluded_lines": [], "start_line": 59, "executed_branches": [], "missing_branches": []}, "AuditLogger.finalizar_operacao": {"executed_lines": [145, 146, 159, 168, 170], "summary": {"covered_lines": 5, "num_statements": 9, "percent_covered": 55.55555555555556, "percent_covered_display": "55.56", "missing_lines": 4, "excluded_lines": 0, "percent_statements_covered": 55.55555555555556, "percent_statements_covered_display": "55.56", "num_branches": 0, "num_partial_branches": 0, "covered_branches": 0, "missing_branches": 0, "percent_branches_covered": 100.0, "percent_branches_covered_display": "100.00"}, "missing_lines": [175, 176, 177, 178], "excluded_lines": [], "start_line": 122, "executed_branches": [], "missing_branches": []}, "AuditLogger.operacao_auditada": {"executed_lines": [], "summary": {"covered_lines": 0, "num_statements": 9, "percent_covered": 0.0, "percent_covered_display": "0.00", "missing_lines": 9, "excluded_lines": 0, "percent_statements_covered": 0.0, "percent_statements_covered_display": "0.00", "num_branches": 0, "num_partial_branches": 0, "covered_branches": 0, "missing_branches": 0, "percent_branches_covered": 100.0, "percent_branches_covered_display": "100.00"}, "missing_lines": [211, 215, 216, 217, 219, 220, 221, 226, 227], "excluded_lines": [], "start_line": 181, "executed_branches": [], "missing_branches": []}, "AuditLogger.registrar_divergencia": {"executed_lines": [], "summary": {"covered_lines": 0, "num_statements": 11, "percent_covered": 0.0, "percent_covered_display": "0.00", "missing_lines": 11, "excluded_lines": 0, "percent_statements_covered": 0.0, "percent_statements_covered_display": "0.00", "num_branches": 0, "num_partial_branches": 0, "covered_branches": 0, "missing_branches": 0, "percent_branches_covered": 100.0, "percent_branches_covered_display": "100.00"}, "missing_lines": [260, 261, 272, 285, 286, 288, 293, 295, 296, 297, 298], "excluded_lines": [], "start_line": 229, "executed_branches": [], "missing_branches": []}, "AuditLogger.atualizar_status_divergencia": {"executed_lines": [], "summary": {"covered_lines": 0, "num_statements": 9, "percent_covered": 0.0, "percent_covered_display": "0.00", "missing_lines": 9, "excluded_lines": 0, "percent_statements_covered": 0.0, "percent_statements_covered_display": "0.00", "num_branches": 0, "num_partial_branches": 0, "covered_branches": 0, "missing_branches": 0, "percent_branches_covered": 100.0, "percent_branches_covered_display": "100.00"}, "missing_lines": [318, 319, 330, 338, 340, 345, 346, 347, 348], "excluded_lines": [], "start_line": 300, "executed_branches": [], "missing_branches": []}, "AuditLogger.iniciar_sessao_processamento": {"executed_lines": [], "summary": {"covered_lines": 0, "num_statements": 11, "percent_covered": 0.0, "percent_covered_display": "0.00", "missing_lines": 11, "excluded_lines": 0, "percent_statements_covered": 0.0, "percent_statements_covered_display": "0.00", "num_branches": 0, "num_partial_branches": 0, "covered_branches": 0, "missing_branches": 0, "percent_branches_covered": 100.0, "percent_branches_covered_display": "100.00"}, "missing_lines": [367, 368, 377, 383, 384, 386, 387, 389, 390, 391, 392], "excluded_lines": [], "start_line": 350, "executed_branches": [], "missing_branches": []}, "AuditLogger.finalizar_sessao_processamento": {"executed_lines": [], "summary": {"covered_lines": 0, "num_statements": 9, "percent_covered": 0.0, "percent_covered_display": "0.00", "missing_lines": 9, "excluded_lines": 0, "percent_statements_covered": 0.0, "percent_statements_covered_display": "0.00", "num_branches": 0, "num_partial_branches": 0, "covered_branches": 0, "missing_branches": 0, "percent_branches_covered": 100.0, "percent_branches_covered_display": "100.00"}, "missing_lines": [412, 413, 429, 441, 443, 445, 446, 447, 448], "excluded_lines": [], "start_line": 394, "executed_branches": [], "missing_branches": []}, "AuditLogger.obter_operacoes_para_rollback": {"executed_lines": [], "summary": {"covered_lines": 0, "num_statements": 10, "percent_covered": 0.0, "percent_covered_display": "0.00", "missing_lines": 10, "excluded_lines": 0, "percent_statements_covered": 0.0, "percent_statements_covered_display": "0.00", "num_branches": 2, "num_partial_branches": 0, "covered_branches": 0, "missing_branches": 2, "percent_branches_covered": 0.0, "percent_branches_covered_display": "0.00"}, "missing_lines": [463, 464, 472, 473, 475, 476, 478, 486, 487, 488], "excluded_lines": [], "start_line": 450, "executed_branches": [], "missing_branches": [[475, 476], [475, 478]]}, "AuditLogger.obter_historico_operacoes": {"executed_lines": [], "summary": {"covered_lines": 0, "num_statements": 24, "percent_covered": 0.0, "percent_covered_display": "0.00", "missing_lines": 24, "excluded_lines": 0, "percent_statements_covered": 0.0, "percent_statements_covered_display": "0.00", "num_branches": 8, "num_partial_branches": 0, "covered_branches": 0, "missing_branches": 8, "percent_branches_covered": 0.0, "percent_branches_covered_display": "0.00"}, "missing_lines": [511, 512, 513, 515, 516, 517, 519, 520, 521, 523, 524, 525, 527, 528, 529, 531, 532, 534, 545, 546, 548, 564, 565, 566], "excluded_lines": [], "start_line": 490, "executed_branches": [], "missing_branches": [[515, 516], [515, 519], [519, 520], [519, 523], [523, 524], [523, 527], [527, 528], [527, 531]]}, "": {"executed_lines": [16, 17, 18, 19, 20, 21, 22, 24, 27, 49, 59, 122, 180, 181, 229, 300, 350, 394, 450, 490], "summary": {"covered_lines": 20, "num_statements": 20, "percent_covered": 100.0, "percent_covered_display": "100.00", "missing_lines": 0, "excluded_lines": 0, "percent_statements_covered": 100.0, "percent_statements_covered_display": "100.00", "num_branches": 0, "num_partial_branches": 0, "covered_branches": 0, "missing_branches": 0, "percent_branches_covered": 100.0, "percent_branches_covered_display": "100.00"}, "missing_lines": [], "excluded_lines": [], "start_line": 1, "executed_branches": [], "missing_branches": []}}, "classes": {"AuditLogger": {"executed_lines": [56, 57, 89, 90, 100, 111, 112, 114, 115, 117, 118, 119, 120, 145, 146, 159, 168, 170], "summary": {"covered_lines": 18, "num_statements": 105, "percent_covered": 15.652173913043478, "percent_covered_display": "15.65", "missing_lines": 87, "excluded_lines": 0, "percent_statements_covered": 17.142857142857142, "percent_statements_covered_display": "17.14", "num_branches": 10, "num_partial_branches": 0, "covered_branches": 0, "missing_branches": 10, "percent_branches_covered": 0.0, "percent_branches_covered_display": "0.00"}, "missing_lines": [175, 176, 177, 178, 211, 215, 216, 217, 219, 220, 221, 226, 227, 260, 261, 272, 285, 286, 288, 293, 295, 296, 297, 298, 318, 319, 330, 338, 340, 345, 346, 347, 348, 367, 368, 377, 383, 384, 386, 387, 389, 390, 391, 392, 412, 413, 429, 441, 443, 445, 446, 447, 448, 463, 464, 472, 473, 475, 476, 478, 486, 487, 488, 511, 512, 513, 515, 516, 517, 519, 520, 521, 523, 524, 525, 527, 528, 529, 531, 532, 534, 545, 546, 548, 564, 565, 566], "excluded_lines": [], "start_line": 27, "executed_branches": [], "missing_branches": [[475, 476], [475, 478], [515, 516], [515, 519], [519, 520], [519, 523], [523, 524], [523, 527], [527, 528], [527, 531]]}, "": {"executed_lines": [16, 17, 18, 19, 20, 21, 22, 24, 27, 49, 59, 122, 180, 181, 229, 300, 350, 394, 450, 490], "summary": {"covered_lines": 20, "num_statements": 20, "percent_covered": 100.0, "percent_covered_display": "100.00", "missing_lines": 0, "excluded_lines": 0, "percent_statements_covered": 100.0, "percent_statements_covered_display": "100.00", "num_branches": 0, "num_partial_branches": 0, "covered_branches": 0, "missing_branches": 0, "percent_branches_covered": 100.0, "percent_branches_covered_display": "100.00"}, "missing_lines": [], "excluded_lines": [], "start_line": 1, "executed_branches": [], "missing_branches": []}}}, "src\\financial_etl\\services\\divergence_processor.py": {"executed_lines": [19, 20, 21, 22, 23, 24, 26, 27, 29, 32, 33, 48, 49, 50, 51, 52, 53, 54, 55, 56, 58, 65, 90, 101, 164, 256, 325, 406, 503, 608, 637], "summary": {"covered_lines": 31, "num_statements": 178, "percent_covered": 13.839285714285714, "percent_covered_display": "13.84", "missing_lines": 147, "excluded_lines": 0, "percent_statements_covered": 17.415730337078653, "percent_statements_covered_display": "17.42", "num_branches": 46, "num_partial_branches": 0, "covered_branches": 0, "missing_branches": 46, "percent_branches_covered": 0.0, "percent_branches_covered_display": "0.00"}, "missing_lines": [59, 60, 61, 62, 97, 98, 99, 126, 131, 134, 137, 140, 143, 146, 149, 152, 157, 162, 175, 176, 192, 193, 194, 195, 197, 199, 200, 202, 203, 206, 207, 208, 209, 212, 213, 230, 231, 247, 250, 252, 253, 254, 266, 267, 279, 281, 282, 284, 285, 286, 290, 292, 308, 309, 310, 311, 312, 314, 316, 319, 321, 322, 323, 338, 339, 357, 358, 359, 360, 362, 363, 365, 366, 367, 368, 370, 372, 373, 374, 375, 376, 377, 378, 379, 381, 382, 397, 400, 402, 403, 404, 431, 436, 444, 445, 447, 453, 454, 455, 456, 457, 464, 465, 473, 474, 475, 482, 483, 486, 487, 494, 501, 512, 514, 523, 528, 529, 532, 537, 542, 545, 559, 567, 583, 585, 590, 592, 593, 594, 599, 600, 606, 612, 619, 632, 633, 635, 654, 668, 669, 670, 672, 673, 674, 675, 677, 678], "excluded_lines": [], "executed_branches": [], "missing_branches": [[59, 60], [59, 61], [61, -58], [61, 62], [193, 194], [193, 197], [203, 206], [203, 247], [212, 213], [212, 230], [230, 203], [230, 231], [285, 286], [285, 308], [309, 310], [309, 311], [311, 312], [311, 314], [358, 359], [358, 362], [366, 367], [366, 397], [372, 373], [372, 374], [374, 375], [374, 376], [376, 377], [376, 378], [378, 379], [378, 381], [381, 366], [381, 382], [444, 445], [444, 494], [453, 454], [453, 473], [455, 456], [455, 464], [599, 600], [599, 606], [668, 669], [668, 672], [672, 673], [672, 674], [674, 675], [674, 677]], "functions": {"Divergencia.__post_init__": {"executed_lines": [], "summary": {"covered_lines": 0, "num_statements": 4, "percent_covered": 0.0, "percent_covered_display": "0.00", "missing_lines": 4, "excluded_lines": 0, "percent_statements_covered": 0.0, "percent_statements_covered_display": "0.00", "num_branches": 4, "num_partial_branches": 0, "covered_branches": 0, "missing_branches": 4, "percent_branches_covered": 0.0, "percent_branches_covered_display": "0.00"}, "missing_lines": [59, 60, 61, 62], "excluded_lines": [], "start_line": 58, "executed_branches": [], "missing_branches": [[59, 60], [59, 61], [61, -58], [61, 62]]}, "DivergenceProcessor.__init__": {"executed_lines": [], "summary": {"covered_lines": 0, "num_statements": 3, "percent_covered": 0.0, "percent_covered_display": "0.00", "missing_lines": 3, "excluded_lines": 0, "percent_statements_covered": 0.0, "percent_statements_covered_display": "0.00", "num_branches": 0, "num_partial_branches": 0, "covered_branches": 0, "missing_branches": 0, "percent_branches_covered": 100.0, "percent_branches_covered_display": "100.00"}, "missing_lines": [97, 98, 99], "excluded_lines": [], "start_line": 90, "executed_branches": [], "missing_branches": []}, "DivergenceProcessor.detectar_divergencias": {"executed_lines": [], "summary": {"covered_lines": 0, "num_statements": 11, "percent_covered": 0.0, "percent_covered_display": "0.00", "missing_lines": 11, "excluded_lines": 0, "percent_statements_covered": 0.0, "percent_statements_covered_display": "0.00", "num_branches": 0, "num_partial_branches": 0, "covered_branches": 0, "missing_branches": 0, "percent_branches_covered": 100.0, "percent_branches_covered_display": "100.00"}, "missing_lines": [126, 131, 134, 137, 140, 143, 146, 149, 152, 157, 162], "excluded_lines": [], "start_line": 101, "executed_branches": [], "missing_branches": []}, "DivergenceProcessor._detectar_divergencias_trade_marketing": {"executed_lines": [], "summary": {"covered_lines": 0, "num_statements": 24, "percent_covered": 0.0, "percent_covered_display": "0.00", "missing_lines": 24, "excluded_lines": 0, "percent_statements_covered": 0.0, "percent_statements_covered_display": "0.00", "num_branches": 8, "num_partial_branches": 0, "covered_branches": 0, "missing_branches": 8, "percent_branches_covered": 0.0, "percent_branches_covered_display": "0.00"}, "missing_lines": [175, 176, 192, 193, 194, 195, 197, 199, 200, 202, 203, 206, 207, 208, 209, 212, 213, 230, 231, 247, 250, 252, 253, 254], "excluded_lines": [], "start_line": 164, "executed_branches": [], "missing_branches": [[193, 194], [193, 197], [203, 206], [203, 247], [212, 213], [212, 230], [230, 203], [230, 231]]}, "DivergenceProcessor._detectar_pendentes_verificacao": {"executed_lines": [], "summary": {"covered_lines": 0, "num_statements": 21, "percent_covered": 0.0, "percent_covered_display": "0.00", "missing_lines": 21, "excluded_lines": 0, "percent_statements_covered": 0.0, "percent_statements_covered_display": "0.00", "num_branches": 6, "num_partial_branches": 0, "covered_branches": 0, "missing_branches": 6, "percent_branches_covered": 0.0, "percent_branches_covered_display": "0.00"}, "missing_lines": [266, 267, 279, 281, 282, 284, 285, 286, 290, 292, 308, 309, 310, 311, 312, 314, 316, 319, 321, 322, 323], "excluded_lines": [], "start_line": 256, "executed_branches": [], "missing_branches": [[285, 286], [285, 308], [309, 310], [309, 311], [311, 312], [311, 314]]}, "DivergenceProcessor._detectar_divergencias_valores": {"executed_lines": [], "summary": {"covered_lines": 0, "num_statements": 28, "percent_covered": 0.0, "percent_covered_display": "0.00", "missing_lines": 28, "excluded_lines": 0, "percent_statements_covered": 0.0, "percent_statements_covered_display": "0.00", "num_branches": 14, "num_partial_branches": 0, "covered_branches": 0, "missing_branches": 14, "percent_branches_covered": 0.0, "percent_branches_covered_display": "0.00"}, "missing_lines": [338, 339, 357, 358, 359, 360, 362, 363, 365, 366, 367, 368, 370, 372, 373, 374, 375, 376, 377, 378, 379, 381, 382, 397, 400, 402, 403, 404], "excluded_lines": [], "start_line": 325, "executed_branches": [], "missing_branches": [[358, 359], [358, 362], [366, 367], [366, 397], [372, 373], [372, 374], [374, 375], [374, 376], [376, 377], [376, 378], [378, 379], [378, 381], [381, 366], [381, 382]]}, "DivergenceProcessor.aplicar_correcoes": {"executed_lines": [], "summary": {"covered_lines": 0, "num_statements": 21, "percent_covered": 0.0, "percent_covered_display": "0.00", "missing_lines": 21, "excluded_lines": 0, "percent_statements_covered": 0.0, "percent_statements_covered_display": "0.00", "num_branches": 6, "num_partial_branches": 0, "covered_branches": 0, "missing_branches": 6, "percent_branches_covered": 0.0, "percent_branches_covered_display": "0.00"}, "missing_lines": [431, 436, 444, 445, 447, 453, 454, 455, 456, 457, 464, 465, 473, 474, 475, 482, 483, 486, 487, 494, 501], "excluded_lines": [], "start_line": 406, "executed_branches": [], "missing_branches": [[444, 445], [444, 494], [453, 454], [453, 473], [455, 456], [455, 464]]}, "DivergenceProcessor._aplicar_correcao_automatica": {"executed_lines": [], "summary": {"covered_lines": 0, "num_statements": 20, "percent_covered": 0.0, "percent_covered_display": "0.00", "missing_lines": 20, "excluded_lines": 0, "percent_statements_covered": 0.0, "percent_statements_covered_display": "0.00", "num_branches": 2, "num_partial_branches": 0, "covered_branches": 0, "missing_branches": 2, "percent_branches_covered": 0.0, "percent_branches_covered_display": "0.00"}, "missing_lines": [512, 514, 523, 528, 529, 532, 537, 542, 545, 559, 567, 583, 585, 590, 592, 593, 594, 599, 600, 606], "excluded_lines": [], "start_line": 503, "executed_branches": [], "missing_branches": [[599, 600], [599, 606]]}, "DivergenceProcessor._registrar_divergencia_pendente": {"executed_lines": [], "summary": {"covered_lines": 0, "num_statements": 5, "percent_covered": 0.0, "percent_covered_display": "0.00", "missing_lines": 5, "excluded_lines": 0, "percent_statements_covered": 0.0, "percent_statements_covered_display": "0.00", "num_branches": 0, "num_partial_branches": 0, "covered_branches": 0, "missing_branches": 0, "percent_branches_covered": 100.0, "percent_branches_covered_display": "100.00"}, "missing_lines": [612, 619, 632, 633, 635], "excluded_lines": [], "start_line": 608, "executed_branches": [], "missing_branches": []}, "DivergenceProcessor.gerar_relatorio_divergencias": {"executed_lines": [], "summary": {"covered_lines": 0, "num_statements": 10, "percent_covered": 0.0, "percent_covered_display": "0.00", "missing_lines": 10, "excluded_lines": 0, "percent_statements_covered": 0.0, "percent_statements_covered_display": "0.00", "num_branches": 6, "num_partial_branches": 0, "covered_branches": 0, "missing_branches": 6, "percent_branches_covered": 0.0, "percent_branches_covered_display": "0.00"}, "missing_lines": [654, 668, 669, 670, 672, 673, 674, 675, 677, 678], "excluded_lines": [], "start_line": 637, "executed_branches": [], "missing_branches": [[668, 669], [668, 672], [672, 673], [672, 674], [674, 675], [674, 677]]}, "": {"executed_lines": [19, 20, 21, 22, 23, 24, 26, 27, 29, 32, 33, 48, 49, 50, 51, 52, 53, 54, 55, 56, 58, 65, 90, 101, 164, 256, 325, 406, 503, 608, 637], "summary": {"covered_lines": 31, "num_statements": 31, "percent_covered": 100.0, "percent_covered_display": "100.00", "missing_lines": 0, "excluded_lines": 0, "percent_statements_covered": 100.0, "percent_statements_covered_display": "100.00", "num_branches": 0, "num_partial_branches": 0, "covered_branches": 0, "missing_branches": 0, "percent_branches_covered": 100.0, "percent_branches_covered_display": "100.00"}, "missing_lines": [], "excluded_lines": [], "start_line": 1, "executed_branches": [], "missing_branches": []}}, "classes": {"Divergencia": {"executed_lines": [], "summary": {"covered_lines": 0, "num_statements": 4, "percent_covered": 0.0, "percent_covered_display": "0.00", "missing_lines": 4, "excluded_lines": 0, "percent_statements_covered": 0.0, "percent_statements_covered_display": "0.00", "num_branches": 4, "num_partial_branches": 0, "covered_branches": 0, "missing_branches": 4, "percent_branches_covered": 0.0, "percent_branches_covered_display": "0.00"}, "missing_lines": [59, 60, 61, 62], "excluded_lines": [], "start_line": 33, "executed_branches": [], "missing_branches": [[59, 60], [59, 61], [61, -58], [61, 62]]}, "DivergenceProcessor": {"executed_lines": [], "summary": {"covered_lines": 0, "num_statements": 143, "percent_covered": 0.0, "percent_covered_display": "0.00", "missing_lines": 143, "excluded_lines": 0, "percent_statements_covered": 0.0, "percent_statements_covered_display": "0.00", "num_branches": 42, "num_partial_branches": 0, "covered_branches": 0, "missing_branches": 42, "percent_branches_covered": 0.0, "percent_branches_covered_display": "0.00"}, "missing_lines": [97, 98, 99, 126, 131, 134, 137, 140, 143, 146, 149, 152, 157, 162, 175, 176, 192, 193, 194, 195, 197, 199, 200, 202, 203, 206, 207, 208, 209, 212, 213, 230, 231, 247, 250, 252, 253, 254, 266, 267, 279, 281, 282, 284, 285, 286, 290, 292, 308, 309, 310, 311, 312, 314, 316, 319, 321, 322, 323, 338, 339, 357, 358, 359, 360, 362, 363, 365, 366, 367, 368, 370, 372, 373, 374, 375, 376, 377, 378, 379, 381, 382, 397, 400, 402, 403, 404, 431, 436, 444, 445, 447, 453, 454, 455, 456, 457, 464, 465, 473, 474, 475, 482, 483, 486, 487, 494, 501, 512, 514, 523, 528, 529, 532, 537, 542, 545, 559, 567, 583, 585, 590, 592, 593, 594, 599, 600, 606, 612, 619, 632, 633, 635, 654, 668, 669, 670, 672, 673, 674, 675, 677, 678], "excluded_lines": [], "start_line": 65, "executed_branches": [], "missing_branches": [[193, 194], [193, 197], [203, 206], [203, 247], [212, 213], [212, 230], [230, 203], [230, 231], [285, 286], [285, 308], [309, 310], [309, 311], [311, 312], [311, 314], [358, 359], [358, 362], [366, 367], [366, 397], [372, 373], [372, 374], [374, 375], [374, 376], [376, 377], [376, 378], [378, 379], [378, 381], [381, 366], [381, 382], [444, 445], [444, 494], [453, 454], [453, 473], [455, 456], [455, 464], [599, 600], [599, 606], [668, 669], [668, 672], [672, 673], [672, 674], [674, 675], [674, 677]]}, "": {"executed_lines": [19, 20, 21, 22, 23, 24, 26, 27, 29, 32, 33, 48, 49, 50, 51, 52, 53, 54, 55, 56, 58, 65, 90, 101, 164, 256, 325, 406, 503, 608, 637], "summary": {"covered_lines": 31, "num_statements": 31, "percent_covered": 100.0, "percent_covered_display": "100.00", "missing_lines": 0, "excluded_lines": 0, "percent_statements_covered": 100.0, "percent_statements_covered_display": "100.00", "num_branches": 0, "num_partial_branches": 0, "covered_branches": 0, "missing_branches": 0, "percent_branches_covered": 100.0, "percent_branches_covered_display": "100.00"}, "missing_lines": [], "excluded_lines": [], "start_line": 1, "executed_branches": [], "missing_branches": []}}}, "src\\financial_etl\\services\\notification_service.py": {"executed_lines": [18, 19, 20, 21, 22, 23, 24, 25, 26, 27, 29, 32, 56, 78, 149, 308, 438], "summary": {"covered_lines": 17, "num_statements": 96, "percent_covered": 13.709677419354838, "percent_covered_display": "13.71", "missing_lines": 79, "excluded_lines": 0, "percent_statements_covered": 17.708333333333332, "percent_statements_covered_display": "17.71", "num_branches": 28, "num_partial_branches": 0, "covered_branches": 0, "missing_branches": 28, "percent_branches_covered": 0.0, "percent_branches_covered_display": "0.00"}, "missing_lines": [58, 59, 60, 61, 62, 65, 66, 70, 72, 73, 99, 100, 101, 103, 104, 105, 106, 107, 108, 111, 112, 113, 116, 117, 120, 121, 122, 123, 124, 125, 126, 127, 131, 134, 135, 136, 137, 139, 143, 145, 146, 147, 172, 173, 175, 176, 177, 179, 182, 183, 184, 185, 186, 187, 189, 190, 192, 194, 280, 298, 300, 331, 332, 334, 335, 338, 345, 346, 347, 349, 351, 431, 457, 458, 460, 461, 463, 465, 494], "excluded_lines": [], "executed_branches": [], "missing_branches": [[72, -56], [72, 73], [99, 100], [99, 103], [111, 112], [111, 116], [120, 121], [120, 134], [121, 122], [121, 134], [122, 121], [122, 123], [172, 173], [172, 175], [175, 176], [175, 179], [182, 183], [182, 185], [185, 186], [185, 189], [331, 332], [331, 334], [334, 335], [334, 338], [457, 458], [457, 460], [460, 461], [460, 463]], "functions": {"NotificationService.__init__": {"executed_lines": [], "summary": {"covered_lines": 0, "num_statements": 10, "percent_covered": 0.0, "percent_covered_display": "0.00", "missing_lines": 10, "excluded_lines": 0, "percent_statements_covered": 0.0, "percent_statements_covered_display": "0.00", "num_branches": 2, "num_partial_branches": 0, "covered_branches": 0, "missing_branches": 2, "percent_branches_covered": 0.0, "percent_branches_covered_display": "0.00"}, "missing_lines": [58, 59, 60, 61, 62, 65, 66, 70, 72, 73], "excluded_lines": [], "start_line": 56, "executed_branches": [], "missing_branches": [[72, -56], [72, 73]]}, "NotificationService.enviar_email": {"executed_lines": [], "summary": {"covered_lines": 0, "num_statements": 32, "percent_covered": 0.0, "percent_covered_display": "0.00", "missing_lines": 32, "excluded_lines": 0, "percent_statements_covered": 0.0, "percent_statements_covered_display": "0.00", "num_branches": 10, "num_partial_branches": 0, "covered_branches": 0, "missing_branches": 10, "percent_branches_covered": 0.0, "percent_branches_covered_display": "0.00"}, "missing_lines": [99, 100, 101, 103, 104, 105, 106, 107, 108, 111, 112, 113, 116, 117, 120, 121, 122, 123, 124, 125, 126, 127, 131, 134, 135, 136, 137, 139, 143, 145, 146, 147], "excluded_lines": [], "start_line": 78, "executed_branches": [], "missing_branches": [[99, 100], [99, 103], [111, 112], [111, 116], [120, 121], [120, 134], [121, 122], [121, 134], [122, 121], [122, 123]]}, "NotificationService.enviar_alerta_divergencias": {"executed_lines": [], "summary": {"covered_lines": 0, "num_statements": 19, "percent_covered": 0.0, "percent_covered_display": "0.00", "missing_lines": 19, "excluded_lines": 0, "percent_statements_covered": 0.0, "percent_statements_covered_display": "0.00", "num_branches": 8, "num_partial_branches": 0, "covered_branches": 0, "missing_branches": 8, "percent_branches_covered": 0.0, "percent_branches_covered_display": "0.00"}, "missing_lines": [172, 173, 175, 176, 177, 179, 182, 183, 184, 185, 186, 187, 189, 190, 192, 194, 280, 298, 300], "excluded_lines": [], "start_line": 149, "executed_branches": [], "missing_branches": [[172, 173], [172, 175], [175, 176], [175, 179], [182, 183], [182, 185], [185, 186], [185, 189]]}, "NotificationService.enviar_resumo_processamento": {"executed_lines": [], "summary": {"covered_lines": 0, "num_statements": 11, "percent_covered": 0.0, "percent_covered_display": "0.00", "missing_lines": 11, "excluded_lines": 0, "percent_statements_covered": 0.0, "percent_statements_covered_display": "0.00", "num_branches": 4, "num_partial_branches": 0, "covered_branches": 0, "missing_branches": 4, "percent_branches_covered": 0.0, "percent_branches_covered_display": "0.00"}, "missing_lines": [331, 332, 334, 335, 338, 345, 346, 347, 349, 351, 431], "excluded_lines": [], "start_line": 308, "executed_branches": [], "missing_branches": [[331, 332], [331, 334], [334, 335], [334, 338]]}, "NotificationService.enviar_alerta_falha_critica": {"executed_lines": [], "summary": {"covered_lines": 0, "num_statements": 7, "percent_covered": 0.0, "percent_covered_display": "0.00", "missing_lines": 7, "excluded_lines": 0, "percent_statements_covered": 0.0, "percent_statements_covered_display": "0.00", "num_branches": 4, "num_partial_branches": 0, "covered_branches": 0, "missing_branches": 4, "percent_branches_covered": 0.0, "percent_branches_covered_display": "0.00"}, "missing_lines": [457, 458, 460, 461, 463, 465, 494], "excluded_lines": [], "start_line": 438, "executed_branches": [], "missing_branches": [[457, 458], [457, 460], [460, 461], [460, 463]]}, "": {"executed_lines": [18, 19, 20, 21, 22, 23, 24, 25, 26, 27, 29, 32, 56, 78, 149, 308, 438], "summary": {"covered_lines": 17, "num_statements": 17, "percent_covered": 100.0, "percent_covered_display": "100.00", "missing_lines": 0, "excluded_lines": 0, "percent_statements_covered": 100.0, "percent_statements_covered_display": "100.00", "num_branches": 0, "num_partial_branches": 0, "covered_branches": 0, "missing_branches": 0, "percent_branches_covered": 100.0, "percent_branches_covered_display": "100.00"}, "missing_lines": [], "excluded_lines": [], "start_line": 1, "executed_branches": [], "missing_branches": []}}, "classes": {"NotificationService": {"executed_lines": [], "summary": {"covered_lines": 0, "num_statements": 79, "percent_covered": 0.0, "percent_covered_display": "0.00", "missing_lines": 79, "excluded_lines": 0, "percent_statements_covered": 0.0, "percent_statements_covered_display": "0.00", "num_branches": 28, "num_partial_branches": 0, "covered_branches": 0, "missing_branches": 28, "percent_branches_covered": 0.0, "percent_branches_covered_display": "0.00"}, "missing_lines": [58, 59, 60, 61, 62, 65, 66, 70, 72, 73, 99, 100, 101, 103, 104, 105, 106, 107, 108, 111, 112, 113, 116, 117, 120, 121, 122, 123, 124, 125, 126, 127, 131, 134, 135, 136, 137, 139, 143, 145, 146, 147, 172, 173, 175, 176, 177, 179, 182, 183, 184, 185, 186, 187, 189, 190, 192, 194, 280, 298, 300, 331, 332, 334, 335, 338, 345, 346, 347, 349, 351, 431, 457, 458, 460, 461, 463, 465, 494], "excluded_lines": [], "start_line": 32, "executed_branches": [], "missing_branches": [[72, -56], [72, 73], [99, 100], [99, 103], [111, 112], [111, 116], [120, 121], [120, 134], [121, 122], [121, 134], [122, 121], [122, 123], [172, 173], [172, 175], [175, 176], [175, 179], [182, 183], [182, 185], [185, 186], [185, 189], [331, 332], [331, 334], [334, 335], [334, 338], [457, 458], [457, 460], [460, 461], [460, 463]]}, "": {"executed_lines": [18, 19, 20, 21, 22, 23, 24, 25, 26, 27, 29, 32, 56, 78, 149, 308, 438], "summary": {"covered_lines": 17, "num_statements": 17, "percent_covered": 100.0, "percent_covered_display": "100.00", "missing_lines": 0, "excluded_lines": 0, "percent_statements_covered": 100.0, "percent_statements_covered_display": "100.00", "num_branches": 0, "num_partial_branches": 0, "covered_branches": 0, "missing_branches": 0, "percent_branches_covered": 100.0, "percent_branches_covered_display": "100.00"}, "missing_lines": [], "excluded_lines": [], "start_line": 1, "executed_branches": [], "missing_branches": []}}}}, "totals": {"covered_lines": 324, "num_statements": 1058, "percent_covered": 27.732463295269167, "percent_covered_display": "27.73", "missing_lines": 734, "excluded_lines": 9, "percent_statements_covered": 30.623818525519848, "percent_statements_covered_display": "30.62", "num_branches": 168, "num_partial_branches": 12, "covered_branches": 16, "missing_branches": 152, "percent_branches_covered": 9.523809523809524, "percent_branches_covered_display": "9.52"}}